<?xml version="1.0" encoding="UTF-8"?>
<!-- Generated by org.testng.reporters.JUnitXMLReporter -->
<testsuite ignored="0" hostname="DESKTOP-U984Q3M" failures="0" tests="4" name="Test" time="136.485" errors="0" timestamp="2021-02-06T10:11:14 CET">
  <testcase classname="pack.Test_titreeturl" name="Test1" time="0.066"/>
  <testcase classname="pack.fcb1" name="Test1" time="2.034"/>
  <testcase classname="pack.fcb1" name="Test1" time="0.616"/>
  <testcase classname="pack.fcb1" name="Test1" time="0.19"/>
</testsuite> <!-- Test -->
