<?xml version="1.0" encoding="UTF-8"?>
<testng-results ignored="0" total="4" passed="4" failed="0" skipped="0">
  <reporter-output>
  </reporter-output>
  <suite started-at="2021-02-06T10:08:57 CET" name="Suite" finished-at="2021-02-06T10:11:13 CET" duration-ms="136485">
    <groups>
    </groups>
    <test started-at="2021-02-06T10:08:57 CET" name="Test" finished-at="2021-02-06T10:11:13 CET" duration-ms="136485">
      <class name="pack.Test_titreeturl">
        <test-method is-config="true" signature="avant()[pri:0, instance:pack.Test_titreeturl@6a03bcb1]" started-at="2021-02-06T10:08:57 CET" name="avant" finished-at="2021-02-06T10:09:29 CET" duration-ms="31501" status="PASS">
          <reporter-output>
          </reporter-output>
        </test-method> <!-- avant -->
        <test-method signature="Test1()[pri:0, instance:pack.Test_titreeturl@6a03bcb1]" started-at="2021-02-06T10:09:29 CET" name="Test1" finished-at="2021-02-06T10:09:29 CET" duration-ms="66" status="PASS">
          <reporter-output>
          </reporter-output>
        </test-method> <!-- Test1 -->
      </class> <!-- pack.Test_titreeturl -->
      <class name="pack.fcb1">
        <test-method is-config="true" signature="avant()[pri:0, instance:pack.fcb1@21b2e768]" started-at="2021-02-06T10:09:29 CET" name="avant" finished-at="2021-02-06T10:09:59 CET" duration-ms="30727" status="PASS">
          <reporter-output>
          </reporter-output>
        </test-method> <!-- avant -->
        <test-method signature="Test1(java.lang.String, java.lang.String)[pri:0, instance:pack.fcb1@21b2e768]" started-at="2021-02-06T10:09:59 CET" name="Test1" data-provider="getdata" finished-at="2021-02-06T10:10:01 CET" duration-ms="2034" status="PASS">
          <params>
            <param index="0">
              <value>
                <![CDATA[login1]]>
              </value>
            </param>
            <param index="1">
              <value>
                <![CDATA[mdp1]]>
              </value>
            </param>
          </params>
          <reporter-output>
          </reporter-output>
        </test-method> <!-- Test1 -->
        <test-method is-config="true" signature="avant()[pri:0, instance:pack.fcb1@21b2e768]" started-at="2021-02-06T10:10:01 CET" name="avant" finished-at="2021-02-06T10:10:34 CET" duration-ms="32729" status="PASS">
          <reporter-output>
          </reporter-output>
        </test-method> <!-- avant -->
        <test-method signature="Test1(java.lang.String, java.lang.String)[pri:0, instance:pack.fcb1@21b2e768]" started-at="2021-02-06T10:10:34 CET" name="Test1" data-provider="getdata" finished-at="2021-02-06T10:10:35 CET" duration-ms="616" status="PASS">
          <params>
            <param index="0">
              <value>
                <![CDATA[login2]]>
              </value>
            </param>
            <param index="1">
              <value>
                <![CDATA[mdp2]]>
              </value>
            </param>
          </params>
          <reporter-output>
          </reporter-output>
        </test-method> <!-- Test1 -->
        <test-method is-config="true" signature="avant()[pri:0, instance:pack.fcb1@21b2e768]" started-at="2021-02-06T10:10:35 CET" name="avant" finished-at="2021-02-06T10:11:13 CET" duration-ms="38573" status="PASS">
          <reporter-output>
          </reporter-output>
        </test-method> <!-- avant -->
        <test-method signature="Test1(java.lang.String, java.lang.String)[pri:0, instance:pack.fcb1@21b2e768]" started-at="2021-02-06T10:11:13 CET" name="Test1" data-provider="getdata" finished-at="2021-02-06T10:11:13 CET" duration-ms="190" status="PASS">
          <params>
            <param index="0">
              <value>
                <![CDATA[login3]]>
              </value>
            </param>
            <param index="1">
              <value>
                <![CDATA[mdp3]]>
              </value>
            </param>
          </params>
          <reporter-output>
          </reporter-output>
        </test-method> <!-- Test1 -->
      </class> <!-- pack.fcb1 -->
    </test> <!-- Test -->
  </suite> <!-- Suite -->
</testng-results>
